2024-03-28 11:49:53.238 31242-31242 ample.minhvoap          com.example.minhvoapp                I  Rejecting re-init on previously-failed class java.lang.Class<com.appsflyer.internal.AFf1bSDK$4>: java.lang.NoClassDefFoundError: Failed resolution of: Lcom/appsflyer/lvl/AppsFlyerLVL$resultListener;
2024-03-28 11:49:53.238 31242-31242 ample.minhvoap          com.example.minhvoapp                I    at com.appsflyer.internal.AFg1zSDK com.appsflyer.internal.AFd1kSDK.i() (:322)
2024-03-28 11:49:53.238 31242-31242 ample.minhvoap          com.example.minhvoapp                I    at com.appsflyer.AppsFlyerLib com.appsflyer.internal.AFb1vSDK.init(java.lang.String, com.appsflyer.AppsFlyerConversionListener, android.content.Context) (:788)
2024-03-28 11:49:53.238 31242-31242 ample.minhvoap          com.example.minhvoapp                I  Caused by: java.lang.ClassNotFoundException: Didn't find class "com.appsflyer.lvl.AppsFlyerLVL$resultListener" on path: DexPathList[[zip file "/data/app/com.example.minhvoapp-C76bLr2YHsDJ9SUk0KHK7A==/base.apk"],nativeLibraryDirectories=[/data/app/com.example.minhvoapp-C76bLr2YHsDJ9SUk0KHK7A==/lib/arm64, /system/lib64, /system/vendor/lib64]]
2024-03-28 11:49:53.238 31242-31242 ample.minhvoap          com.example.minhvoapp                I    at com.appsflyer.internal.AFg1zSDK com.appsflyer.internal.AFd1kSDK.i() (:322)
2024-03-28 11:49:53.238 31242-31242 ample.minhvoap          com.example.minhvoapp                I    at com.appsflyer.AppsFlyerLib com.appsflyer.internal.AFb1vSDK.init(java.lang.String, com.appsflyer.AppsFlyerConversionListener, android.content.Context) (:788)
2024-03-28 11:49:53.239 31242-31242 ample.minhvoap          com.example.minhvoapp                I  Rejecting re-init on previously-failed class java.lang.Class<com.appsflyer.internal.AFf1bSDK$4>: java.lang.NoClassDefFoundError: Failed resolution of: Lcom/appsflyer/lvl/AppsFlyerLVL$resultListener;
2024-03-28 11:49:53.239 31242-31242 ample.minhvoap          com.example.minhvoapp                I    at com.appsflyer.internal.AFg1zSDK com.appsflyer.internal.AFd1kSDK.i() (:322)
2024-03-28 11:49:53.239 31242-31242 ample.minhvoap          com.example.minhvoapp                I    at com.appsflyer.AppsFlyerLib com.appsflyer.internal.AFb1vSDK.init(java.lang.String, com.appsflyer.AppsFlyerConversionListener, android.content.Context) (:788)
2024-03-28 11:49:53.239 31242-31242 ample.minhvoap          com.example.minhvoapp                I  Caused by: java.lang.ClassNotFoundException: Didn't find class "com.appsflyer.lvl.AppsFlyerLVL$resultListener" on path: DexPathList[[zip file "/data/app/com.example.minhvoapp-C76bLr2YHsDJ9SUk0KHK7A==/base.apk"],nativeLibraryDirectories=[/data/app/com.example.minhvoapp-C76bLr2YHsDJ9SUk0KHK7A==/lib/arm64, /system/lib64, /system/vendor/lib64]]
2024-03-28 11:49:53.240 31242-31242 ample.minhvoap          com.example.minhvoapp                I    at com.appsflyer.internal.AFg1zSDK com.appsflyer.internal.AFd1kSDK.i() (:322)
2024-03-28 11:49:53.240 31242-31242 ample.minhvoap          com.example.minhvoapp                I    at com.appsflyer.AppsFlyerLib com.appsflyer.internal.AFb1vSDK.init(java.lang.String, com.appsflyer.AppsFlyerConversionListener, android.content.Context) (:788)
2024-03-28 11:49:53.311 31242-31242 ample.minhvoap          com.example.minhvoapp                I  Rejecting re-init on previously-failed class java.lang.Class<com.appsflyer.internal.AFf1bSDK$4>: java.lang.NoClassDefFoundError: Failed resolution of: Lcom/appsflyer/lvl/AppsFlyerLVL$resultListener;
2024-03-28 11:49:53.311 31242-31242 ample.minhvoap          com.example.minhvoapp                I    at com.appsflyer.internal.AFg1zSDK com.appsflyer.internal.AFd1kSDK.i() (:322)
2024-03-28 11:49:53.311 31242-31242 ample.minhvoap          com.example.minhvoapp                I    at com.appsflyer.AppsFlyerLib com.appsflyer.internal.AFb1vSDK.init(java.lang.String, com.appsflyer.AppsFlyerConversionListener, android.content.Context) (:788)
2024-03-28 11:49:53.312 31242-31242 ample.minhvoap          com.example.minhvoapp                I  Caused by: java.lang.ClassNotFoundException: Didn't find class "com.appsflyer.lvl.AppsFlyerLVL$resultListener" on path: DexPathList[[zip file "/data/app/com.example.minhvoapp-C76bLr2YHsDJ9SUk0KHK7A==/base.apk"],nativeLibraryDirectories=[/data/app/com.example.minhvoapp-C76bLr2YHsDJ9SUk0KHK7A==/lib/arm64, /system/lib64, /system/vendor/lib64]]
2024-03-28 11:49:53.312 31242-31242 ample.minhvoap          com.example.minhvoapp                I    at com.appsflyer.internal.AFg1zSDK com.appsflyer.internal.AFd1kSDK.i() (:322)
2024-03-28 11:49:53.312 31242-31242 ample.minhvoap          com.example.minhvoapp                I    at com.appsflyer.AppsFlyerLib com.appsflyer.internal.AFb1vSDK.init(java.lang.String, com.appsflyer.AppsFlyerConversionListener, android.content.Context) (:788)
2024-03-28 11:49:53.346 31242-31386 AppsFlyer_6.13.0        com.example.minhvoapp                I  [Other] onBecameForeground
2024-03-28 11:49:53.353 31242-31386 AppsFlyer_6.13.0        com.example.minhvoapp                D  [Queue] tried to add already running task: RC_CDN-UpdateRemoteConfiguration-4
2024-03-28 11:49:53.372 31242-31386 AppsFlyer_6.13.0        com.example.minhvoapp                D  [Other] No deep link detected
2024-03-28 11:49:53.374 31242-31386 AppsFlyer_6.13.0        com.example.minhvoapp                I  [Other] Sending first launch for this session!
2024-03-28 11:49:53.383 31242-31386 AppsFlyer_6.13.0        com.example.minhvoapp                I  [Other] sendWithEvent from activity: android.app.Application
2024-03-28 11:49:53.445 31242-31386 AppsFlyer_6.13.0        com.example.minhvoapp                I  [Other] Trying to fetch GAID..
2024-03-28 11:49:53.451 31242-31386 AppsFlyer_6.13.0        com.example.minhvoapp                D  [Other] Google Play Services is missing com.google.android.gms.ads.identifier.AdvertisingIdClient
2024-03-28 11:49:53.451 31242-31386 AppsFlyer_6.13.0        com.example.minhvoapp                I  [Other] WARNING: Google Play Services is missing.
2024-03-28 11:49:53.621 31242-31386 AppsFlyer_6.13.0        com.example.minhvoapp                D  [HTTP Client] [16427946] response code:200 OK
                                                                                                     body:{"features":{},"ver":"default.v1.1637149529"}
                                                                                                     took 324ms
2024-03-28 11:49:53.634 31242-31386 AppsFlyer_6.13.0        com.example.minhvoapp                D  [CFG] Config successfully updated, timeToLive: 86400 seconds
2024-03-28 11:49:53.636 31242-31386 AppsFlyer_6.13.0        com.example.minhvoapp                D  [Queue] execution finished for RC_CDN-UpdateRemoteConfiguration-1, result: SUCCESS
2024-03-28 11:49:54.102 31242-31386 AppsFlyer_6.13.0        com.example.minhvoapp                D  [Referrer] InstallReferrer connected
2024-03-28 11:49:54.109 31242-31386 AppsFlyer_6.13.0        com.example.minhvoapp                I  [Other] ******* sendTrackingWithEvent: Launch
2024-03-28 11:49:54.125 31242-31436 ample.minhvoap          com.example.minhvoapp                I  Rejecting re-init on previously-failed class java.lang.Class<com.appsflyer.FirebaseMessagingServiceListener>: java.lang.NoClassDefFoundError: Failed resolution of: Lcom/google/firebase/messaging/FirebaseMessagingService;
2024-03-28 11:49:54.125 31242-31436 ample.minhvoap          com.example.minhvoapp                I    at boolean com.appsflyer.internal.AFg1tSDK.valueOf(android.content.Context) (:43)
2024-03-28 11:49:54.125 31242-31436 ample.minhvoap          com.example.minhvoapp                I    at void com.appsflyer.internal.AFg1nSDK.AFLogger$LogLevel(java.util.Map) (:729)
2024-03-28 11:49:54.125 31242-31436 ample.minhvoap          com.example.minhvoapp                I    at void com.appsflyer.internal.AFg1nSDK.AFInAppEventParameterName(com.appsflyer.internal.AFa1pSDK) (:115)
2024-03-28 11:49:54.125 31242-31436 ample.minhvoap          com.example.minhvoapp                I    at java.util.Map com.appsflyer.internal.AFb1vSDK.AFKeystoreWrapper(com.appsflyer.internal.AFa1pSDK) (:1441)
2024-03-28 11:49:54.125 31242-31436 ample.minhvoap          com.example.minhvoapp                I    at void com.appsflyer.internal.AFb1vSDK.values(com.appsflyer.internal.AFa1pSDK) (:1317)
2024-03-28 11:49:54.125 31242-31436 ample.minhvoap          com.example.minhvoapp                I    at void com.appsflyer.internal.AFb1vSDK.AFInAppEventParameterName(com.appsflyer.internal.AFb1vSDK, com.appsflyer.internal.AFa1pSDK) (:106)
2024-03-28 11:49:54.125 31242-31436 ample.minhvoap          com.example.minhvoapp                I    at void com.appsflyer.internal.AFb1vSDK$AFa1uSDK.run() (:1986)
2024-03-28 11:49:54.125 31242-31436 ample.minhvoap          com.example.minhvoapp                I    at boolean com.appsflyer.internal.AFg1tSDK.valueOf(android.content.Context) (:43)
2024-03-28 11:49:54.125 31242-31436 ample.minhvoap          com.example.minhvoapp                I    at void com.appsflyer.internal.AFg1nSDK.AFLogger$LogLevel(java.util.Map) (:729)
2024-03-28 11:49:54.125 31242-31436 ample.minhvoap          com.example.minhvoapp                I    at void com.appsflyer.internal.AFg1nSDK.AFInAppEventParameterName(com.appsflyer.internal.AFa1pSDK) (:115)
2024-03-28 11:49:54.125 31242-31436 ample.minhvoap          com.example.minhvoapp                I    at java.util.Map com.appsflyer.internal.AFb1vSDK.AFKeystoreWrapper(com.appsflyer.internal.AFa1pSDK) (:1441)
2024-03-28 11:49:54.125 31242-31436 ample.minhvoap          com.example.minhvoapp                I    at void com.appsflyer.internal.AFb1vSDK.values(com.appsflyer.internal.AFa1pSDK) (:1317)
2024-03-28 11:49:54.125 31242-31436 ample.minhvoap          com.example.minhvoapp                I    at void com.appsflyer.internal.AFb1vSDK.AFInAppEventParameterName(com.appsflyer.internal.AFb1vSDK, com.appsflyer.internal.AFa1pSDK) (:106)
2024-03-28 11:49:54.125 31242-31436 ample.minhvoap          com.example.minhvoapp                I    at void com.appsflyer.internal.AFb1vSDK$AFa1uSDK.run() (:1986)
2024-03-28 11:49:54.126 31242-31436 ample.minhvoap          com.example.minhvoapp                I  Rejecting re-init on previously-failed class java.lang.Class<com.appsflyer.FirebaseMessagingServiceListener>: java.lang.NoClassDefFoundError: Failed resolution of: Lcom/google/firebase/messaging/FirebaseMessagingService;
2024-03-28 11:49:54.126 31242-31436 ample.minhvoap          com.example.minhvoapp                I    at boolean com.appsflyer.internal.AFg1tSDK.valueOf(android.content.Context) (:43)
2024-03-28 11:49:54.126 31242-31436 ample.minhvoap          com.example.minhvoapp                I    at void com.appsflyer.internal.AFg1nSDK.AFLogger$LogLevel(java.util.Map) (:729)
2024-03-28 11:49:54.126 31242-31436 ample.minhvoap          com.example.minhvoapp                I    at void com.appsflyer.internal.AFg1nSDK.AFInAppEventParameterName(com.appsflyer.internal.AFa1pSDK) (:115)
2024-03-28 11:49:54.126 31242-31436 ample.minhvoap          com.example.minhvoapp                I    at java.util.Map com.appsflyer.internal.AFb1vSDK.AFKeystoreWrapper(com.appsflyer.internal.AFa1pSDK) (:1441)
2024-03-28 11:49:54.126 31242-31436 ample.minhvoap          com.example.minhvoapp                I    at void com.appsflyer.internal.AFb1vSDK.values(com.appsflyer.internal.AFa1pSDK) (:1317)
2024-03-28 11:49:54.126 31242-31436 ample.minhvoap          com.example.minhvoapp                I    at void com.appsflyer.internal.AFb1vSDK.AFInAppEventParameterName(com.appsflyer.internal.AFb1vSDK, com.appsflyer.internal.AFa1pSDK) (:106)
2024-03-28 11:49:54.126 31242-31436 ample.minhvoap          com.example.minhvoapp                I    at void com.appsflyer.internal.AFb1vSDK$AFa1uSDK.run() (:1986)
2024-03-28 11:49:54.126 31242-31436 ample.minhvoap          com.example.minhvoapp                I    at boolean com.appsflyer.internal.AFg1tSDK.valueOf(android.content.Context) (:43)
2024-03-28 11:49:54.126 31242-31436 ample.minhvoap          com.example.minhvoapp                I    at void com.appsflyer.internal.AFg1nSDK.AFLogger$LogLevel(java.util.Map) (:729)
2024-03-28 11:49:54.126 31242-31436 ample.minhvoap          com.example.minhvoapp                I    at void com.appsflyer.internal.AFg1nSDK.AFInAppEventParameterName(com.appsflyer.internal.AFa1pSDK) (:115)
2024-03-28 11:49:54.126 31242-31436 ample.minhvoap          com.example.minhvoapp                I    at java.util.Map com.appsflyer.internal.AFb1vSDK.AFKeystoreWrapper(com.appsflyer.internal.AFa1pSDK) (:1441)
2024-03-28 11:49:54.126 31242-31436 ample.minhvoap          com.example.minhvoapp                I    at void com.appsflyer.internal.AFb1vSDK.values(com.appsflyer.internal.AFa1pSDK) (:1317)
2024-03-28 11:49:54.126 31242-31436 ample.minhvoap          com.example.minhvoapp                I    at void com.appsflyer.internal.AFb1vSDK.AFInAppEventParameterName(com.appsflyer.internal.AFb1vSDK, com.appsflyer.internal.AFa1pSDK) (:106)
2024-03-28 11:49:54.126 31242-31436 ample.minhvoap          com.example.minhvoapp                I    at void com.appsflyer.internal.AFb1vSDK$AFa1uSDK.run() (:1986)
2024-03-28 11:49:54.129 31242-31386 AppsFlyer_6.13.0        com.example.minhvoapp                D  [Other] didConfigureTokenRefreshService=false
2024-03-28 11:49:54.133 31242-31386 AppsFlyer_6.13.0        com.example.minhvoapp                D  [Referrer] Install Referrer collected locally
2024-03-28 11:49:54.137 31242-31386 AppsFlyer_6.13.0        com.example.minhvoapp                D  [Other] AppsFlyer: first launch detected
2024-03-28 11:49:54.137 31242-31386 AppsFlyer_6.13.0        com.example.minhvoapp                I  [General] AppsFlyer: first launch date: 2024-03-28_114954+0700
2024-03-28 11:49:54.645 31242-31386 AppsFlyer_6.13.0        com.example.minhvoapp                D  [Other] null
2024-03-28 11:49:54.646 31242-31386 AppsFlyer_6.13.0        com.example.minhvoapp                I  [Other] AppsFlyerLib.sendWithEvent
2024-03-28 11:49:54.671 31242-31386 AppsFlyer_6.13.0        com.example.minhvoapp                D  [Queue] new task added: CONVERSION-5
2024-03-28 11:49:54.675 31242-31386 AppsFlyer_6.13.0        com.example.minhvoapp                D  [Queue] starting task execution: CONVERSION-5
2024-03-28 11:49:54.722 31242-31386 AppsFlyer_6.13.0        com.example.minhvoapp                I  [Other] IMEI was not collected.
2024-03-28 11:49:54.723 31242-31386 AppsFlyer_6.13.0        com.example.minhvoapp                I  [Other] Android ID was not collected.
2024-03-28 11:49:54.723 31242-31386 AppsFlyer_6.13.0        com.example.minhvoapp                D  [Other] No OAID library
2024-03-28 11:49:54.904 31242-31386 AppsFlyer_6.13.0        com.example.minhvoapp                I  [Other] CONVERSION-5: preparing data: {"platform_extension_v2":{"platform":"android_native","version":"6.13.0"},"country":"VN","af_timestamp":"1711601394108","appsflyerKey":"e********************b","isFirstCall":"true","registeredUninstall":false,"targetSDKver":34,"operator":"","isGaidWithGps":"false","app_version_code":"1","model":"SM-N935F","brand":"samsung","deviceType":"user","deviceData":{"sensors":[{"sT":4,"sVS":[0.025175588,0.005575367,-0.008307156],"sV":"STM","sVE":[-0.019417575,0.005575367,-0.002198504],"sN":"K6DS3TR Gyroscope Sensor"},{"sT":1,"sVS":[0.9577099,7.16367,6.064698],"sV":"STM","sVE":[0.8332076,7.185219,6.3208857],"sN":"K6DS3TR Acceleration Sensor"},{"sT":2,"sVS":[-20.279999,22.38,-44.52],"sV":"Asahi Kasei Microdevices","sVE":[-19.199999,22.5,-44.7],"sN":"AK09916C Magnetic field Sensor"}],"cpu_abi":"arm64-v8a","build_display_id":"PPR1.180610.011.N935FXXU8CVG2","btch":"usb","dim":{"xdp":"386.3655","ydp":"390.144","x_px":"1080","y_px":"1920","d_dpi":"420","size":"2"},"arch":"","btl":"99.0","cpu_abi2":""},"disk":"47320\/54648","meta":{"rc":{"sig":"success","delay":351,"c_ver":"default.v1.1637149529","latency":324,"cdn_token":"778fa295f1e30c2be66206ac0222797ebbd9c998d36db732394d81e064e12c7a","res_code":200},"host":{"name":"appsflyersdk.com","prefix":"p2gahw-"},"first_launch":{"from_fg":1543,"start_with":"activity","init_to_fg":98}},"kef7969":"338c3b3d17901e6f48181c1a0c531a0d59181e0d5a1f19","sdk":"28","app_version_name":"1.0","device":"gracerlte","cksm_v3":"49e37efe0392bb47","rfr":{"val":"utm_source=google-play&utm_medium=organic","code":"0","clk":"0","install":"0","instant":false},"af_events_api":"1","cell":{"mcc":0,"mnc":0},"network":"WIFI","timepassedsincelastlaunch":"-1","sig":"6A0FDDE30686DEF52DD0E65C140888522F0DD7A0ED6E6C687A2CEAE68BFBE808","open_referrer":"","uid":"1711601393310-771532170736669725","lang_code":"vi","installDate":"2024-03-28_044951+0000","referrers":[{"api_ver":83301610,"referrer":"utm_source=google-play&utm_medium=organic","click_ts":0,"api_ver_name":"33.0.16-21 [0] [PR] 485221091","response":"OK","install_begin_ts":0,"google_custom":{"install_begin_server_ts":0,"install_version":null,"click_server_ts":0,"instant":false},"latency":853,"source":"google","type":"store"},{"api_ver":454506110,"api_ver_name":"4.5.45.6","response":"SERVICE_UNAVAILABLE","latency":384,"source":"samsung","type":"store"}],"firstLaunchDate":"2024-03-28_114954+0700","ivc":false,"lang":"Tiếng Việt","batteryLevel":"99.0","last_boot_time":1711595802145,"product":"gracerltexx","date2":"2024-03-28_114951+0700","counter":"1","date1":"2024-03-28_114951+0700","advertiserId":"00000000-0000-0000-0000-000000000000","advertiserIdEnabled":"true","carrier":"","af_preinstalled":"false","iaecounter":"0","tokenRefreshConfigured":false,"gaidError":"-1: ClassNotFoundException |","platformextension":"android_native"}
2024-03-28 11:49:55.707 31242-31386 AppsFlyer_6.13.0        com.example.minhvoapp                I  [Cache] caching request with URL: https://p2gahw-conversions.appsflyersdk.com/api/v6.13/androidevent?app_id=com.example.minhvoapp&buildnumber=6.13.0
2024-03-28 11:49:55.709 31242-31386 AppsFlyer_6.13.0        com.example.minhvoapp                I  [Cache] done, cacheKey: 1711601395707
2024-03-28 11:49:55.709 31242-31386 AppsFlyer_6.13.0        com.example.minhvoapp                D  [HTTP Client] [267207511] POST:https://p2gahw-conversions.appsflyersdk.com/api/v6.13/androidevent?app_id=com.example.minhvoapp&buildnumber=6.13.0
                                                                                                     payload: <encrypted>
2024-03-28 11:49:56.464 31242-31386 AppsFlyer_6.13.0        com.example.minhvoapp                D  [HTTP Client] [267207511] response code:200 OK
                                                                                                     body:ok
                                                                                                     took 751ms
2024-03-28 11:49:56.471 31242-31419 appsflyerlog            com.example.minhvoapp                D  Launch sent successfully
2024-03-28 11:49:56.476 31242-31386 AppsFlyer_6.13.0        com.example.minhvoapp                I  [Cache] Deleting 1711601395707 from cache
2024-03-28 11:49:56.486 31242-31386 AppsFlyer_6.13.0        com.example.minhvoapp                D  [Queue] execution finished for CONVERSION-5, result: SUCCESS
2024-03-28 11:54:25.250 31242-31386 AppsFlyer_6.13.0        com.example.minhvoapp                I  [Other] onBecameBackground
2024-03-28 11:54:25.251 31242-31386 AppsFlyer_6.13.0        com.example.minhvoapp                I  [Other] callStatsBackground background call
2024-03-28 11:54:25.252 31242-31386 AppsFlyer_6.13.0        com.example.minhvoapp                D  [Other] RD status is OFF
